\BOOKMARK [0][-]{chapter.1}{\376\377\000D\000i\000s\000c\000l\000a\000i\000m\000e\000r}{}% 1
\BOOKMARK [0][-]{chapter.2}{\376\377\000M\000o\000t\000i\000v\000a\000z\000i\000o\000n\000i}{}% 2
\BOOKMARK [0][-]{chapter.3}{\376\377\000R\000e\000q\000u\000i\000r\000e\000m\000e\000n\000t\000s}{}% 3
\BOOKMARK [1][-]{section.3.1}{\376\377\000F\000i\000n\000a\000l\000i\000t\000\340\000\040\000d\000e\000l\000l\000'\000o\000n\000t\000o\000l\000o\000g\000i\000a}{chapter.3}% 4
\BOOKMARK [1][-]{section.3.2}{\376\377\000T\000a\000s\000k\000\040\000d\000e\000l\000l\000'\000o\000n\000t\000o\000l\000o\000g\000i\000a}{chapter.3}% 5
\BOOKMARK [1][-]{section.3.3}{\376\377\000U\000t\000e\000n\000t\000i\000\040\000d\000e\000l\000l\000'\000o\000n\000t\000o\000l\000o\000g\000i\000a}{chapter.3}% 6
\BOOKMARK [0][-]{chapter.4}{\376\377\000D\000e\000s\000c\000r\000i\000z\000i\000o\000n\000e\000\040\000d\000e\000l\000\040\000d\000o\000m\000i\000n\000i\000o}{}% 7
\BOOKMARK [0][-]{chapter.5}{\376\377\000C\000o\000m\000p\000e\000t\000e\000n\000c\000y\000\040\000Q\000u\000e\000s\000t\000i\000o\000n\000s}{}% 8
\BOOKMARK [0][-]{chapter.6}{\376\377\000D\000o\000c\000u\000m\000e\000n\000t\000a\000z\000i\000o\000n\000e}{}% 9
\BOOKMARK [0][-]{chapter.7}{\376\377\000L\000O\000D\000E}{}% 10
\BOOKMARK [0][-]{chapter.8}{\376\377\000V\000i\000s\000u\000a\000l\000i\000z\000z\000a\000z\000i\000o\000n\000e}{}% 11
\BOOKMARK [1][-]{section.8.1}{\376\377\000T\000a\000s\000s\000o\000n\000o\000m\000i\000a\000\040\000d\000e\000l\000l\000e\000\040\000c\000l\000a\000s\000s\000i}{chapter.8}% 12
\BOOKMARK [1][-]{section.8.2}{\376\377\000T\000e\000m\000p\000l\000a\000t\000e\000\040\000U\000s\000a\000t\000o}{chapter.8}% 13
\BOOKMARK [1][-]{section.8.3}{\376\377\000T\000r\000i\000p\000l\000e\000\040\000i\000n\000\040\000f\000o\000r\000m\000a\000\040\000t\000a\000b\000e\000l\000l\000a\000r\000e}{chapter.8}% 14
\BOOKMARK [0][-]{chapter.9}{\376\377\000F\000l\000u\000s\000s\000o\000\040\000d\000i\000\040\000u\000t\000i\000l\000i\000z\000z\000o\000\040\000e\000\040\000M\000o\000c\000k\000u\000p}{}% 15
\BOOKMARK [0][-]{chapter.10}{\376\377\000Q\000u\000e\000r\000y\000\040\000S\000P\000A\000R\000Q\000L}{}% 16
\BOOKMARK [1][-]{section.10.1}{\376\377\0001\000\040\000-\000\040\000Q\000u\000a\000l\000i\000\040\000s\000o\000n\000o\000\040\000l\000e\000\040\000p\000r\000i\000n\000c\000i\000p\000a\000l\000i\000\040\000s\000t\000r\000a\000t\000e\000g\000i\000e\000\040\000s\000c\000a\000c\000c\000h\000i\000s\000t\000i\000c\000h\000e\000\040\000c\000o\000n\000s\000i\000d\000e\000r\000a\000t\000e\000\040\000a\000g\000g\000r\000e\000s\000s\000i\000v\000e\000?}{chapter.10}% 17
\BOOKMARK [1][-]{section.10.2}{\376\377\0002\000\040\000-\000\040\000Q\000u\000a\000n\000t\000e\000\040\000p\000a\000r\000t\000i\000t\000e\000\040\000h\000a\000\040\000v\000i\000n\000t\000o\000\040\000'\000D\000i\000n\000g\000\040\000L\000i\000r\000e\000n\000'\000?}{chapter.10}% 18
\BOOKMARK [1][-]{section.10.3}{\376\377\0003\000\040\000-\000\040\000C\000h\000i\000\040\000\350\000\040\000s\000t\000a\000t\000o\000\040\000l\000'\000u\000l\000t\000i\000m\000o\000\040\000v\000i\000n\000c\000i\000t\000o\000r\000e\000\040\000d\000e\000l\000\040\000t\000o\000r\000n\000e\000o\000\040\000C\000h\000e\000s\000s\000\040\000O\000l\000i\000m\000p\000y\000a\000d\000s\000\040\000F\000o\000r\000\040\000P\000e\000o\000p\000l\000e\000\040\000w\000i\000t\000h\000\040\000D\000i\000s\000a\000b\000i\000l\000i\000t\000i\000e\000s\000?}{chapter.10}% 19
\BOOKMARK [1][-]{section.10.4}{\376\377\0004\000\040\000-\000\040\000Q\000u\000a\000l\000e\000\040\000g\000i\000o\000c\000a\000t\000o\000r\000e\000\040\000h\000a\000\040\000v\000i\000n\000t\000o\000\040\000p\000i\000\371\000\040\000p\000a\000r\000t\000i\000t\000e\000\040\000u\000s\000a\000n\000d\000o\000\040\000l\000a\000\040\000d\000i\000f\000e\000s\000a\000\040\000s\000i\000c\000i\000l\000i\000a\000n\000a\000?}{chapter.10}% 20
\BOOKMARK [1][-]{section.10.5}{\376\377\0005\000\040\000-\000\040\000C\000h\000i\000\040\000\350\000\040\000l\000a\000/\000l\000o\000\040\000s\000c\000a\000c\000c\000h\000i\000s\000t\000a\000\040\000c\000o\000n\000\040\000i\000l\000\040\000p\000u\000n\000t\000e\000g\000g\000i\000o\000\040\000E\000l\000o\000\040\000p\000i\000\371\000\040\000a\000l\000t\000o\000?}{chapter.10}% 21
\BOOKMARK [0][-]{chapter.11}{\376\377\000R\000e\000g\000o\000l\000e\000\040\000S\000W\000R\000L}{}% 22
\BOOKMARK [1][-]{section.11.1}{\376\377\000R\000e\000g\000o\000l\000a\000\040\0001}{chapter.11}% 23
\BOOKMARK [1][-]{section.11.2}{\376\377\000R\000e\000g\000o\000l\000a\000\040\0002}{chapter.11}% 24
\BOOKMARK [1][-]{section.11.3}{\376\377\000R\000e\000g\000o\000l\000a\000\040\0003}{chapter.11}% 25
\BOOKMARK [1][-]{section.11.4}{\376\377\000R\000e\000g\000o\000l\000a\000\040\0004}{chapter.11}% 26
\BOOKMARK [1][-]{section.11.5}{\376\377\000R\000e\000g\000o\000l\000a\000\040\0005}{chapter.11}% 27
